app/build/outputs/logs/manifest-merger-debug-report.txt
-- Merging decision tree log ---
manifest
ADDED from src\main\AndroidManifest.xml:2:1-205:12
INJECTED from src\main\AndroidManifest.xml:2:1-205:12
INJECTED from src\main\AndroidManifest.xml:2:1-205:12
INJECTED from src\main\AndroidManifest.xml:2:1-205:12
MERGED from [com.android.support:appcompat-v7:28.0.0] AndroidManifest.xml:17:1-22:12
MERGED from [com.android.support.constraint:constraint-layout:1.1.3] AndroidManifest.xml:2:1-11:12
MERGED from [com.facebook.android:audience-network-sdk:5.1.0] AndroidManifest.xml:2:1-34:12
MERGED from [com.android.support:animated-vector-drawable:28.0.0] AndroidManifest.xml:17:1-22:12
MERGED from [com.android.support:support-vector-drawable:28.0.0] AndroidManifest.xml:17:1-22:12
MERGED from [com.android.support:recyclerview-v7:26.1.0] AndroidManifest.xml:17:1-28:12
MERGED from [com.google.android.gms:play-services-basement:11.0.4] AndroidManifest.xml:16:1-23:12
MERGED from [com.android.support:support-v4:26.1.0] AndroidManifest.xml:17:1-31:12
MERGED from [com.android.support:support-fragment:28.0.0] AndroidManifest.xml:17:1-22:12
MERGED from [com.android.support:support-core-ui:28.0.0] AndroidManifest.xml:17:1-22:12
MERGED from [com.android.support:viewpager:28.0.0] AndroidManifest.xml:17:1-22:12
MERGED from [com.android.support:coordinatorlayout:28.0.0] AndroidManifest.xml:17:1-22:12
MERGED from [com.android.support:drawerlayout:28.0.0] AndroidManifest.xml:17:1-22:12
MERGED from [com.android.support:slidingpanelayout:28.0.0] AndroidManifest.xml:17:1-22:12
MERGED from [com.android.support:customview:28.0.0] AndroidManifest.xml:17:1-22:12
MERGED from [com.android.support:swiperefreshlayout:28.0.0] AndroidManifest.xml:17:1-22:12
MERGED from [com.android.support:asynclayoutinflater:28.0.0] AndroidManifest.xml:17:1-22:12
MERGED from [com.google.android.exoplayer:exoplayer-dash:r2.4.2] AndroidManifest.xml:17:1-25:12
MERGED from [com.android.support:support-core-utils:28.0.0] AndroidManifest.xml:17:1-22:12
MERGED from [com.android.support:loader:28.0.0] AndroidManifest.xml:17:1-22:12
MERGED from [com.android.support:support-media-compat:26.1.0] AndroidManifest.xml:17:1-31:12
MERGED from [com.android.support:support-compat:28.0.0] AndroidManifest.xml:17:1-24:12
MERGED from [com.android.support:versionedparcelable:28.0.0] AndroidManifest.xml:17:1-25:12
MERGED from [com.android.support:cursoradapter:28.0.0] AndroidManifest.xml:17:1-22:12
MERGED from [com.google.android.exoplayer:exoplayer-core:r2.4.2] AndroidManifest.xml:17:1-25:12
MERGED from [android.arch.lifecycle:runtime:1.1.1] AndroidManifest.xml:17:1-22:12
MERGED from [android.arch.lifecycle:livedata:1.1.1] AndroidManifest.xml:17:1-22:12
MERGED from [android.arch.lifecycle:livedata-core:1.1.1] AndroidManifest.xml:17:1-22:12
MERGED from [android.arch.core:runtime:1.1.1] AndroidManifest.xml:17:1-22:12
MERGED from [com.android.support:interpolator:28.0.0] AndroidManifest.xml:17:1-22:12
MERGED from [com.android.support:documentfile:28.0.0] AndroidManifest.xml:17:1-22:12
MERGED from [com.android.support:localbroadcastmanager:28.0.0] AndroidManifest.xml:17:1-22:12
MERGED from [com.android.support:print:28.0.0] AndroidManifest.xml:17:1-22:12
MERGED from [android.arch.lifecycle:viewmodel:1.1.1] AndroidManifest.xml:17:1-22:12
INJECTED from src\main\AndroidManifest.xml:2:1-205:12
INJECTED from src\main\AndroidManifest.xml:2:1-205:12
INJECTED from src\main\AndroidManifest.xml:2:1-205:12
	package
		ADDED from src\main\AndroidManifest.xml:3:5-43
		INJECTED from src\main\AndroidManifest.xml
		INJECTED from src\main\AndroidManifest.xml
	android:versionName
		INJECTED from src\main\AndroidManifest.xml
		ADDED from src\main\AndroidManifest.xml:2:1-205:12
		INJECTED from src\main\AndroidManifest.xml
	android:versionCode
		INJECTED from src\main\AndroidManifest.xml
		ADDED from src\main\AndroidManifest.xml:2:1-205:12
		INJECTED from src\main\AndroidManifest.xml
	xmlns:android
		ADDED from src\main\AndroidManifest.xml:2:11-69
uses-permission#android.permission.INTERNET
ADDED from src\main\AndroidManifest.xml:7:5-67
MERGED from [com.facebook.android:audience-network-sdk:5.1.0] AndroidManifest.xml:11:5-67
MERGED from [com.facebook.android:audience-network-sdk:5.1.0] AndroidManifest.xml:11:5-67
	android:name
		ADDED from src\main\AndroidManifest.xml:7:22-64
uses-permission#android.permission.ACCESS_WIFI_STATE
ADDED from src\main\AndroidManifest.xml:8:5-76
	android:name
		ADDED from src\main\AndroidManifest.xml:8:22-73
uses-permission#android.permission.READ_PHONE_STATE
ADDED from src\main\AndroidManifest.xml:9:5-75
	android:name
		ADDED from src\main\AndroidManifest.xml:9:22-72
uses-permission#android.permission.ACCESS_NETWORK_STATE
ADDED from src\main\AndroidManifest.xml:10:5-79
MERGED from [com.facebook.android:audience-network-sdk:5.1.0] AndroidManifest.xml:12:5-79
MERGED from [com.facebook.android:audience-network-sdk:5.1.0] AndroidManifest.xml:12:5-79
	android:name
		ADDED from src\main\AndroidManifest.xml:10:22-76
uses-permission#android.permission.WRITE_EXTERNAL_STORAGE
ADDED from src\main\AndroidManifest.xml:11:5-81
	android:name
		ADDED from src\main\AndroidManifest.xml:11:22-78
application
ADDED from src\main\AndroidManifest.xml:13:5-203:19
MERGED from [com.android.support.constraint:constraint-layout:1.1.3] AndroidManifest.xml:9:5-20
MERGED from [com.android.support.constraint:constraint-layout:1.1.3] AndroidManifest.xml:9:5-20
MERGED from [com.facebook.android:audience-network-sdk:5.1.0] AndroidManifest.xml:14:5-32:19
MERGED from [com.facebook.android:audience-network-sdk:5.1.0] AndroidManifest.xml:14:5-32:19
MERGED from [com.android.support:recyclerview-v7:26.1.0] AndroidManifest.xml:22:5-26:19
MERGED from [com.android.support:recyclerview-v7:26.1.0] AndroidManifest.xml:22:5-26:19
MERGED from [com.google.android.gms:play-services-basement:11.0.4] AndroidManifest.xml:19:5-21:19
MERGED from [com.google.android.gms:play-services-basement:11.0.4] AndroidManifest.xml:19:5-21:19
MERGED from [com.android.support:support-v4:26.1.0] AndroidManifest.xml:25:5-29:19
MERGED from [com.android.support:support-v4:26.1.0] AndroidManifest.xml:25:5-29:19
MERGED from [com.android.support:support-media-compat:26.1.0] AndroidManifest.xml:25:5-29:19
MERGED from [com.android.support:support-media-compat:26.1.0] AndroidManifest.xml:25:5-29:19
MERGED from [com.android.support:support-compat:28.0.0] AndroidManifest.xml:22:5-94
MERGED from [com.android.support:support-compat:28.0.0] AndroidManifest.xml:22:5-94
MERGED from [com.android.support:versionedparcelable:28.0.0] AndroidManifest.xml:22:5-23:19
MERGED from [com.android.support:versionedparcelable:28.0.0] AndroidManifest.xml:22:5-23:19
	android:appComponentFactory
		ADDED from [com.android.support:support-compat:28.0.0] AndroidManifest.xml:22:18-91
	android:supportsRtl
		ADDED from src\main\AndroidManifest.xml:18:9-35
	android:label
		ADDED from src\main\AndroidManifest.xml:16:9-41
	android:icon
		ADDED from src\main\AndroidManifest.xml:15:9-41
	android:allowBackup
		ADDED from src\main\AndroidManifest.xml:14:9-35
	android:theme
		ADDED from src\main\AndroidManifest.xml:17:9-40
activity#com.example.gsrtcandroidapps.MainActivity
ADDED from src\main\AndroidManifest.xml:19:9-28:20
	android:screenOrientation
		ADDED from src\main\AndroidManifest.xml:22:13-49
	android:label
		ADDED from src\main\AndroidManifest.xml:21:13-45
	android:name
		ADDED from src\main\AndroidManifest.xml:20:13-69
intent-filter#action:name:android.intent.action.MAIN+category:name:android.intent.category.LAUNCHER
ADDED from src\main\AndroidManifest.xml:23:13-27:29
action#android.intent.action.MAIN
ADDED from src\main\AndroidManifest.xml:24:17-69
	android:name
		ADDED from src\main\AndroidManifest.xml:24:25-66
category#android.intent.category.LAUNCHER
ADDED from src\main\AndroidManifest.xml:26:17-77
	android:name
		ADDED from src\main\AndroidManifest.xml:26:27-74
activity#com.example.gsrtcandroidapps.Search_Bus_Activity
ADDED from src\main\AndroidManifest.xml:29:9-38:20
	android:parentActivityName
		ADDED from src\main\AndroidManifest.xml:32:13-83
	android:label
		ADDED from src\main\AndroidManifest.xml:31:13-62
	android:name
		ADDED from src\main\AndroidManifest.xml:30:13-76
meta-data#android.support.PARENT_ACTIVITY
ADDED from src\main\AndroidManifest.xml:35:13-37:77
	android:value
		ADDED from src\main\AndroidManifest.xml:37:17-74
	android:name
		ADDED from src\main\AndroidManifest.xml:36:17-63
activity#com.example.gsrtcandroidapps.Book_Ticket
ADDED from src\main\AndroidManifest.xml:39:9-48:20
	android:parentActivityName
		ADDED from src\main\AndroidManifest.xml:42:13-83
	android:label
		ADDED from src\main\AndroidManifest.xml:41:13-63
	android:name
		ADDED from src\main\AndroidManifest.xml:40:13-68
activity#com.example.gsrtcandroidapps.Bus_Status
ADDED from src\main\AndroidManifest.xml:49:9-58:20
	android:parentActivityName
		ADDED from src\main\AndroidManifest.xml:52:13-83
	android:label
		ADDED from src\main\AndroidManifest.xml:51:13-62
	android:name
		ADDED from src\main\AndroidManifest.xml:50:13-67
activity#com.example.gsrtcandroidapps.About_Us
ADDED from src\main\AndroidManifest.xml:59:9-68:20
	android:parentActivityName
		ADDED from src\main\AndroidManifest.xml:62:13-83
	android:label
		ADDED from src\main\AndroidManifest.xml:61:13-60
	android:name
		ADDED from src\main\AndroidManifest.xml:60:13-65
activity#com.example.gsrtcandroidapps.Search_Bus_Details
ADDED from src\main\AndroidManifest.xml:69:9-78:20
	android:parentActivityName
		ADDED from src\main\AndroidManifest.xml:72:13-90
	android:label
		ADDED from src\main\AndroidManifest.xml:71:13-72
	android:name
		ADDED from src\main\AndroidManifest.xml:70:13-75
activity#com.example.gsrtcandroidapps.User_Login
ADDED from src\main\AndroidManifest.xml:79:9-82:20
	android:label
		ADDED from src\main\AndroidManifest.xml:81:13-63
	android:name
		ADDED from src\main\AndroidManifest.xml:80:13-67
activity#com.example.gsrtcandroidapps.User_Book_Ticket
ADDED from src\main\AndroidManifest.xml:83:9-92:20
	android:parentActivityName
		ADDED from src\main\AndroidManifest.xml:86:13-81
	android:label
		ADDED from src\main\AndroidManifest.xml:85:13-70
	android:name
		ADDED from src\main\AndroidManifest.xml:84:13-73
activity#com.example.gsrtcandroidapps.User_Cancel_Ticket
ADDED from src\main\AndroidManifest.xml:93:9-102:20
	android:parentActivityName
		ADDED from src\main\AndroidManifest.xml:96:13-81
	android:label
		ADDED from src\main\AndroidManifest.xml:95:13-72
	android:name
		ADDED from src\main\AndroidManifest.xml:94:13-75
activity#com.example.gsrtcandroidapps.User_Book_History
ADDED from src\main\AndroidManifest.xml:103:9-112:20
	android:parentActivityName
		ADDED from src\main\AndroidManifest.xml:106:13-81
	android:label
		ADDED from src\main\AndroidManifest.xml:105:13-71
	android:name
		ADDED from src\main\AndroidManifest.xml:104:13-74
activity#com.example.gsrtcandroidapps.SplashScreen
ADDED from src\main\AndroidManifest.xml:113:9-123:20
	android:screenOrientation
		ADDED from src\main\AndroidManifest.xml:116:13-49
	android:label
		ADDED from src\main\AndroidManifest.xml:115:13-45
	android:theme
		ADDED from src\main\AndroidManifest.xml:117:13-66
	android:name
		ADDED from src\main\AndroidManifest.xml:114:13-69
activity#com.example.gsrtcandroidapps.Search_Bus_Activitylo
ADDED from src\main\AndroidManifest.xml:124:9-127:20
	android:label
		ADDED from src\main\AndroidManifest.xml:126:13-75
	android:name
		ADDED from src\main\AndroidManifest.xml:125:13-78
activity#com.example.gsrtcandroidapps.Search_Bus_Detailslo
ADDED from src\main\AndroidManifest.xml:128:9-131:20
	android:label
		ADDED from src\main\AndroidManifest.xml:130:13-74
	android:name
		ADDED from src\main\AndroidManifest.xml:129:13-77
activity#com.example.gsrtcandroidapps.Addip
ADDED from src\main\AndroidManifest.xml:132:9-135:20
	android:label
		ADDED from src\main\AndroidManifest.xml:134:13-57
	android:name
		ADDED from src\main\AndroidManifest.xml:133:13-62
activity#com.example.gsrtcandroidapps.Internalstation
ADDED from src\main\AndroidManifest.xml:136:9-155:20
	android:label
		ADDED from src\main\AndroidManifest.xml:138:13-67
	android:name
		ADDED from src\main\AndroidManifest.xml:137:13-72
activity#com.example.gsrtcandroidapps.Seating
ADDED from src\main\AndroidManifest.xml:156:9-159:20
	android:label
		ADDED from src\main\AndroidManifest.xml:158:13-59
	android:name
		ADDED from src\main\AndroidManifest.xml:157:13-64
activity#com.example.gsrtcandroidapps.PassengerDetails
ADDED from src\main\AndroidManifest.xml:160:9-163:20
	android:label
		ADDED from src\main\AndroidManifest.xml:162:13-69
	android:name
		ADDED from src\main\AndroidManifest.xml:161:13-73
activity#com.example.gsrtcandroidapps.Map2
ADDED from src\main\AndroidManifest.xml:164:9-173:20
	android:parentActivityName
		ADDED from src\main\AndroidManifest.xml:167:13-81
	android:label
		ADDED from src\main\AndroidManifest.xml:166:13-56
	android:name
		ADDED from src\main\AndroidManifest.xml:165:13-61
activity#com.example.gsrtcandroidapps.MapWeb
ADDED from src\main\AndroidManifest.xml:174:9-177:20
	android:label
		ADDED from src\main\AndroidManifest.xml:176:13-59
	android:name
		ADDED from src\main\AndroidManifest.xml:175:13-63
activity#com.example.gsrtcandroidapps.PaymentPage
ADDED from src\main\AndroidManifest.xml:178:9-181:20
	android:label
		ADDED from src\main\AndroidManifest.xml:180:13-64
	android:name
		ADDED from src\main\AndroidManifest.xml:179:13-68
activity#com.example.gsrtcandroidapps.PrintTicket
ADDED from src\main\AndroidManifest.xml:182:9-185:20
	android:label
		ADDED from src\main\AndroidManifest.xml:184:13-64
	android:name
		ADDED from src\main\AndroidManifest.xml:183:13-68
activity#com.example.gsrtcandroidapps.CancelTicketPage
ADDED from src\main\AndroidManifest.xml:186:9-189:20
	android:label
		ADDED from src\main\AndroidManifest.xml:188:13-70
	android:name
		ADDED from src\main\AndroidManifest.xml:187:13-73
activity#com.example.gsrtcandroidapps.SleeperSeating
ADDED from src\main\AndroidManifest.xml:190:9-193:20
	android:label
		ADDED from src\main\AndroidManifest.xml:192:13-67
	android:name
		ADDED from src\main\AndroidManifest.xml:191:13-71
activity#com.example.gsrtcandroidapps.BusStatusLive
ADDED from src\main\AndroidManifest.xml:194:9-202:20
	android:parentActivityName
		ADDED from src\main\AndroidManifest.xml:197:15-83
	android:label
		ADDED from src\main\AndroidManifest.xml:196:13-67
	android:name
		ADDED from src\main\AndroidManifest.xml:195:13-70
uses-sdk
INJECTED from src\main\AndroidManifest.xml reason: use-sdk injection requested
INJECTED from src\main\AndroidManifest.xml
INJECTED from src\main\AndroidManifest.xml
MERGED from [com.android.support:appcompat-v7:28.0.0] AndroidManifest.xml:20:5-44
MERGED from [com.android.support:appcompat-v7:28.0.0] AndroidManifest.xml:20:5-44
MERGED from [com.android.support.constraint:constraint-layout:1.1.3] AndroidManifest.xml:5:5-7:41
MERGED from [com.android.support.constraint:constraint-layout:1.1.3] AndroidManifest.xml:5:5-7:41
MERGED from [com.facebook.android:audience-network-sdk:5.1.0] AndroidManifest.xml:7:5-9:41
MERGED from [com.facebook.android:audience-network-sdk:5.1.0] AndroidManifest.xml:7:5-9:41
MERGED from [com.android.support:animated-vector-drawable:28.0.0] AndroidManifest.xml:20:5-44
MERGED from [com.android.support:animated-vector-drawable:28.0.0] AndroidManifest.xml:20:5-44
MERGED from [com.android.support:support-vector-drawable:28.0.0] AndroidManifest.xml:20:5-44
MERGED from [com.android.support:support-vector-drawable:28.0.0] AndroidManifest.xml:20:5-44
MERGED from [com.android.support:recyclerview-v7:26.1.0] AndroidManifest.xml:20:5-44
MERGED from [com.android.support:recyclerview-v7:26.1.0] AndroidManifest.xml:20:5-44
MERGED from [com.google.android.gms:play-services-basement:11.0.4] AndroidManifest.xml:17:5-43
MERGED from [com.google.android.gms:play-services-basement:11.0.4] AndroidManifest.xml:17:5-43
MERGED from [com.android.support:support-v4:26.1.0] AndroidManifest.xml:21:5-23:54
MERGED from [com.android.support:support-v4:26.1.0] AndroidManifest.xml:21:5-23:54
MERGED from [com.android.support:support-fragment:28.0.0] AndroidManifest.xml:20:5-44
MERGED from [com.android.support:support-fragment:28.0.0] AndroidManifest.xml:20:5-44
MERGED from [com.android.support:support-core-ui:28.0.0] AndroidManifest.xml:20:5-44
MERGED from [com.android.support:support-core-ui:28.0.0] AndroidManifest.xml:20:5-44
MERGED from [com.android.support:viewpager:28.0.0] AndroidManifest.xml:20:5-44
MERGED from [com.android.support:viewpager:28.0.0] AndroidManifest.xml:20:5-44
MERGED from [com.android.support:coordinatorlayout:28.0.0] AndroidManifest.xml:20:5-44
MERGED from [com.android.support:coordinatorlayout:28.0.0] AndroidManifest.xml:20:5-44
MERGED from [com.android.support:drawerlayout:28.0.0] AndroidManifest.xml:20:5-44
MERGED from [com.android.support:drawerlayout:28.0.0] AndroidManifest.xml:20:5-44
MERGED from [com.android.support:slidingpanelayout:28.0.0] AndroidManifest.xml:20:5-44
MERGED from [com.android.support:slidingpanelayout:28.0.0] AndroidManifest.xml:20:5-44
MERGED from [com.android.support:customview:28.0.0] AndroidManifest.xml:20:5-44
MERGED from [com.android.support:customview:28.0.0] AndroidManifest.xml:20:5-44
MERGED from [com.android.support:swiperefreshlayout:28.0.0] AndroidManifest.xml:20:5-44
MERGED from [com.android.support:swiperefreshlayout:28.0.0] AndroidManifest.xml:20:5-44
MERGED from [com.android.support:asynclayoutinflater:28.0.0] AndroidManifest.xml:20:5-44
MERGED from [com.android.support:asynclayoutinflater:28.0.0] AndroidManifest.xml:20:5-44
MERGED from [com.google.android.exoplayer:exoplayer-dash:r2.4.2] AndroidManifest.xml:21:5-23:41
MERGED from [com.google.android.exoplayer:exoplayer-dash:r2.4.2] AndroidManifest.xml:21:5-23:41
MERGED from [com.android.support:support-core-utils:28.0.0] AndroidManifest.xml:20:5-44
MERGED from [com.android.support:support-core-utils:28.0.0] AndroidManifest.xml:20:5-44
MERGED from [com.android.support:loader:28.0.0] AndroidManifest.xml:20:5-44
MERGED from [com.android.support:loader:28.0.0] AndroidManifest.xml:20:5-44
MERGED from [com.android.support:support-media-compat:26.1.0] AndroidManifest.xml:21:5-23:63
MERGED from [com.android.support:support-media-compat:26.1.0] AndroidManifest.xml:21:5-23:63
MERGED from [com.android.support:support-compat:28.0.0] AndroidManifest.xml:20:5-44
MERGED from [com.android.support:support-compat:28.0.0] AndroidManifest.xml:20:5-44
MERGED from [com.android.support:versionedparcelable:28.0.0] AndroidManifest.xml:20:5-44
MERGED from [com.android.support:versionedparcelable:28.0.0] AndroidManifest.xml:20:5-44
MERGED from [com.android.support:cursoradapter:28.0.0] AndroidManifest.xml:20:5-44
MERGED from [com.android.support:cursoradapter:28.0.0] AndroidManifest.xml:20:5-44
MERGED from [com.google.android.exoplayer:exoplayer-core:r2.4.2] AndroidManifest.xml:21:5-23:41
MERGED from [com.google.android.exoplayer:exoplayer-core:r2.4.2] AndroidManifest.xml:21:5-23:41
MERGED from [android.arch.lifecycle:runtime:1.1.1] AndroidManifest.xml:20:5-44
MERGED from [android.arch.lifecycle:runtime:1.1.1] AndroidManifest.xml:20:5-44
MERGED from [android.arch.lifecycle:livedata:1.1.1] AndroidManifest.xml:20:5-44
MERGED from [android.arch.lifecycle:livedata:1.1.1] AndroidManifest.xml:20:5-44
MERGED from [android.arch.lifecycle:livedata-core:1.1.1] AndroidManifest.xml:20:5-44
MERGED from [android.arch.lifecycle:livedata-core:1.1.1] AndroidManifest.xml:20:5-44
MERGED from [android.arch.core:runtime:1.1.1] AndroidManifest.xml:20:5-44
MERGED from [android.arch.core:runtime:1.1.1] AndroidManifest.xml:20:5-44
MERGED from [com.android.support:interpolator:28.0.0] AndroidManifest.xml:20:5-44
MERGED from [com.android.support:interpolator:28.0.0] AndroidManifest.xml:20:5-44
MERGED from [com.android.support:documentfile:28.0.0] AndroidManifest.xml:20:5-44
MERGED from [com.android.support:documentfile:28.0.0] AndroidManifest.xml:20:5-44
MERGED from [com.android.support:localbroadcastmanager:28.0.0] AndroidManifest.xml:20:5-44
MERGED from [com.android.support:localbroadcastmanager:28.0.0] AndroidManifest.xml:20:5-44
MERGED from [com.android.support:print:28.0.0] AndroidManifest.xml:20:5-44
MERGED from [com.android.support:print:28.0.0] AndroidManifest.xml:20:5-44
MERGED from [android.arch.lifecycle:viewmodel:1.1.1] AndroidManifest.xml:20:5-44
MERGED from [android.arch.lifecycle:viewmodel:1.1.1] AndroidManifest.xml:20:5-44
INJECTED from src\main\AndroidManifest.xml
INJECTED from src\main\AndroidManifest.xml
	tools:overrideLibrary
		ADDED from [com.android.support:support-v4:26.1.0] AndroidManifest.xml:23:9-51
	android:targetSdkVersion
		INJECTED from src\main\AndroidManifest.xml
		ADDED from src\main\AndroidManifest.xml
		INJECTED from src\main\AndroidManifest.xml
	android:minSdkVersion
		INJECTED from src\main\AndroidManifest.xml
		ADDED from src\main\AndroidManifest.xml
		INJECTED from src\main\AndroidManifest.xml
activity#com.facebook.ads.AudienceNetworkActivity
ADDED from [com.facebook.android:audience-network-sdk:5.1.0] AndroidManifest.xml:15:9-18:40
	android:exported
		ADDED from [com.facebook.android:audience-network-sdk:5.1.0] AndroidManifest.xml:18:13-37
	android:configChanges
		ADDED from [com.facebook.android:audience-network-sdk:5.1.0] AndroidManifest.xml:17:13-74
	android:name
		ADDED from [com.facebook.android:audience-network-sdk:5.1.0] AndroidManifest.xml:16:13-68
activity#com.facebook.ads.internal.ipc.RemoteANActivity
ADDED from [com.facebook.android:audience-network-sdk:5.1.0] AndroidManifest.xml:19:9-23:39
	android:process
		ADDED from [com.facebook.android:audience-network-sdk:5.1.0] AndroidManifest.xml:23:13-36
	android:exported
		ADDED from [com.facebook.android:audience-network-sdk:5.1.0] AndroidManifest.xml:22:13-37
	android:configChanges
		ADDED from [com.facebook.android:audience-network-sdk:5.1.0] AndroidManifest.xml:21:13-74
	android:name
		ADDED from [com.facebook.android:audience-network-sdk:5.1.0] AndroidManifest.xml:20:13-74
service#com.facebook.ads.internal.ipc.AdsProcessPriorityService
ADDED from [com.facebook.android:audience-network-sdk:5.1.0] AndroidManifest.xml:25:9-27:40
	android:exported
		ADDED from [com.facebook.android:audience-network-sdk:5.1.0] AndroidManifest.xml:27:13-37
	android:name
		ADDED from [com.facebook.android:audience-network-sdk:5.1.0] AndroidManifest.xml:26:13-83
service#com.facebook.ads.internal.ipc.AdsMessengerService
ADDED from [com.facebook.android:audience-network-sdk:5.1.0] AndroidManifest.xml:28:9-31:39
	android:process
		ADDED from [com.facebook.android:audience-network-sdk:5.1.0] AndroidManifest.xml:31:13-36
	android:exported
		ADDED from [com.facebook.android:audience-network-sdk:5.1.0] AndroidManifest.xml:30:13-37
	android:name
		ADDED from [com.facebook.android:audience-network-sdk:5.1.0] AndroidManifest.xml:29:13-77
meta-data#android.support.VERSION
ADDED from [com.android.support:recyclerview-v7:26.1.0] AndroidManifest.xml:23:9-25:38
MERGED from [com.android.support:support-v4:26.1.0] AndroidManifest.xml:26:9-28:38
MERGED from [com.android.support:support-v4:26.1.0] AndroidManifest.xml:26:9-28:38
MERGED from [com.android.support:support-media-compat:26.1.0] AndroidManifest.xml:26:9-28:38
MERGED from [com.android.support:support-media-compat:26.1.0] AndroidManifest.xml:26:9-28:38
	android:value
		ADDED from [com.android.support:recyclerview-v7:26.1.0] AndroidManifest.xml:25:13-35
	android:name
		ADDED from [com.android.support:recyclerview-v7:26.1.0] AndroidManifest.xml:24:13-51
meta-data#com.google.android.gms.version
ADDED from [com.google.android.gms:play-services-basement:11.0.4] AndroidManifest.xml:20:9-121
	android:value
		ADDED from [com.google.android.gms:play-services-basement:11.0.4] AndroidManifest.xml:20:66-119
	android:name
		ADDED from [com.google.android.gms:play-services-basement:11.0.4] AndroidManifest.xml:20:20-65